02/12/2020 12:54:17 AM Start...
02/12/2020 12:54:17 AM Espn...
02/12/2020 12:54:21 AM colleage...
02/12/2020 12:54:42 AM spread...
02/12/2020 12:55:44 AM creating...
02/12/2020 12:55:44 AM could not convert string to float: 'w_l'
02/12/2020 12:55:44 AM End...
02/12/2020 12:58:58 AM Start...
02/12/2020 12:58:58 AM Espn...
02/12/2020 12:59:02 AM colleage...
02/12/2020 12:59:29 AM spread...
02/12/2020 01:00:38 AM creating...
02/12/2020 01:00:38 AM could not convert string to float: 'percentage'
02/12/2020 01:00:38 AM End...
02/12/2020 01:01:46 AM Start...
02/12/2020 01:01:46 AM Espn...
02/12/2020 01:01:52 AM colleage...
02/12/2020 01:02:16 AM spread...
02/12/2020 01:03:17 AM creating...
02/12/2020 01:07:01 AM Start...
02/12/2020 01:07:01 AM Espn...
02/12/2020 01:07:08 AM colleage...
02/12/2020 01:11:24 AM Start...
02/12/2020 01:11:24 AM Espn...
02/12/2020 01:11:30 AM colleage...
02/12/2020 01:11:50 AM spread...
02/12/2020 01:12:50 AM creating...
02/12/2020 01:16:07 AM Start...
02/12/2020 01:16:07 AM Espn...
02/12/2020 01:16:11 AM colleage...
02/12/2020 01:16:34 AM spread...
02/12/2020 01:17:28 AM creating...
02/12/2020 01:17:29 AM End...
02/11/2020 11:19:30 AM Start...
02/11/2020 11:19:30 AM Espn...
02/11/2020 11:19:34 AM colleage...
02/11/2020 11:19:51 AM spread...
02/11/2020 11:20:29 AM creating...
02/11/2020 11:20:30 AM End...
02/11/2020 11:24:06 AM Start...
02/11/2020 11:24:06 AM Espn...
02/11/2020 11:24:09 AM colleage...
02/11/2020 11:24:28 AM spread...
02/11/2020 11:25:10 AM creating...
02/11/2020 11:25:12 AM End...
02/12/2020 12:31:34 AM Start...
02/12/2020 12:31:34 AM Espn...
02/12/2020 12:31:37 AM colleage...
02/12/2020 12:31:58 AM spread...
02/12/2020 12:33:10 AM creating...
02/12/2020 12:33:14 AM End...
02/15/2020 02:10:28 AM Start...
02/15/2020 02:10:28 AM Espn...
02/15/2020 02:10:30 AM colleage...
02/15/2020 02:10:43 AM spread...
02/15/2020 02:12:53 AM Message: element click intercepted: Element <div class="_2tXdR _3_u9z">...</div> is not clickable at point (1578, 20). Other element would receive the click: <span class="">...</span>
  (Session info: chrome=80.0.3987.100)

02/15/2020 02:12:53 AM creating...
02/15/2020 02:12:59 AM End...
02/15/2020 02:16:29 AM Start...
02/15/2020 02:16:29 AM Espn...
02/15/2020 02:16:33 AM colleage...
02/15/2020 02:16:47 AM spread...
02/15/2020 02:17:02 AM Message: element click intercepted: Element <div class="_2tXdR _3_u9z">...</div> is not clickable at point (1578, 65). Other element would receive the click: <div class="yb1Pd">...</div>
  (Session info: chrome=80.0.3987.100)

02/15/2020 02:17:02 AM creating...
02/15/2020 02:18:22 AM Start...
02/15/2020 02:18:22 AM Espn...
02/15/2020 02:18:25 AM colleage...
02/15/2020 02:18:34 AM spread...
02/15/2020 02:19:01 AM creating...
